<?xml version="1.0" encoding="UTF-8"?>
<testng-results skipped="0" failed="0" ignored="0" total="1" passed="1">
  <reporter-output>
  </reporter-output>
  <suite name="Default suite" duration-ms="9163" started-at="2022-05-02T10:48:11 IST" finished-at="2022-05-02T10:48:20 IST">
    <groups>
    </groups>
    <test name="Default test" duration-ms="9163" started-at="2022-05-02T10:48:11 IST" finished-at="2022-05-02T10:48:20 IST">
      <class name="scripts.Sample">
        <test-method status="PASS" signature="OpenApp()[pri:0, instance:scripts.Sample@4bbfb90a]" name="OpenApp" duration-ms="9080" started-at="2022-05-02T10:48:11 IST" finished-at="2022-05-02T10:48:20 IST">
          <reporter-output>
          </reporter-output>
        </test-method> <!-- OpenApp -->
      </class> <!-- scripts.Sample -->
    </test> <!-- Default test -->
  </suite> <!-- Default suite -->
</testng-results>
