<?xml version="1.0" encoding="UTF-8"?>
<!-- Generated by org.testng.reporters.JUnitXMLReporter -->
<testsuite hostname="DESKTOP-ADGCHK6" ignored="4" name="Test" tests="4" failures="0" timestamp="2022-05-11T19:08:03 IST" time="30.507" errors="0">
  <testcase name="Rol" time="3.182" classname="com.selenium.master.RoleNg"/>
  <testcase name="Rol" time="2.269" classname="com.selenium.master.RoleNg"/>
  <testcase name="Rol" time="2.157" classname="com.selenium.master.RoleNg"/>
  <testcase name="Br" time="13.373" classname="com.selenium.master.BranchNg"/>
  <testcase name="@BeforeTest beforeTest" time="0.0" classname="com.selenium.master.Base">
    <ignored/>
  </testcase> <!-- @BeforeTest beforeTest -->
  <testcase name="@AfterTest afterTest" time="0.0" classname="com.selenium.master.Base">
    <ignored/>
  </testcase> <!-- @AfterTest afterTest -->
  <testcase name="@AfterSuite afterSuite" time="0.0" classname="com.selenium.master.Base">
    <ignored/>
  </testcase> <!-- @AfterSuite afterSuite -->
  <testcase name="@BeforeSuite beforeSuite" time="0.0" classname="com.selenium.master.Base">
    <ignored/>
  </testcase> <!-- @BeforeSuite beforeSuite -->
</testsuite> <!-- Test -->
